e:\visual studio\pool\visual studio\obj\x64\debug\framework_egc\sceneinput.obj
e:\visual studio\pool\visual studio\obj\x64\debug\framework_egc\shader.obj
e:\visual studio\pool\visual studio\obj\x64\debug\framework_egc\inputcontroller.obj
e:\visual studio\pool\visual studio\obj\x64\debug\framework_egc\main.obj
e:\visual studio\pool\visual studio\obj\x64\debug\framework_egc\pocket.obj
e:\visual studio\pool\visual studio\obj\x64\debug\framework_egc\hittingstate.obj
e:\visual studio\pool\visual studio\obj\x64\debug\framework_egc\pool.obj
e:\visual studio\pool\visual studio\obj\x64\debug\framework_egc\simplescene.obj
e:\visual studio\pool\visual studio\obj\x64\debug\framework_egc\texture2d.obj
e:\visual studio\pool\visual studio\obj\x64\debug\framework_egc\windowcallbacks.obj
e:\visual studio\pool\visual studio\obj\x64\debug\framework_egc\ball.obj
e:\visual studio\pool\visual studio\obj\x64\debug\framework_egc\entity.obj
e:\visual studio\pool\visual studio\obj\x64\debug\framework_egc\player.obj
e:\visual studio\pool\visual studio\obj\x64\debug\framework_egc\wanttohitstate.obj
e:\visual studio\pool\visual studio\obj\x64\debug\framework_egc\camerainput.obj
e:\visual studio\pool\visual studio\obj\x64\debug\framework_egc\gpubuffers.obj
e:\visual studio\pool\visual studio\obj\x64\debug\framework_egc\texturemanager.obj
e:\visual studio\pool\visual studio\obj\x64\debug\framework_egc\world.obj
e:\visual studio\pool\visual studio\obj\x64\debug\framework_egc\cushion.obj
e:\visual studio\pool\visual studio\obj\x64\debug\framework_egc\level.obj
e:\visual studio\pool\visual studio\obj\x64\debug\framework_egc\state.obj
e:\visual studio\pool\visual studio\obj\x64\debug\framework_egc\engine.obj
e:\visual studio\pool\visual studio\obj\x64\debug\framework_egc\mesh.obj
e:\visual studio\pool\visual studio\obj\x64\debug\framework_egc\windowobject.obj
e:\visual studio\pool\visual studio\obj\x64\debug\framework_egc\cue.obj
e:\visual studio\pool\visual studio\obj\x64\debug\framework_egc\table.obj
e:\visual studio\pool\visual studio\obj\x64\debug\framework_egc\movingwhiteballstate.obj
e:\visual studio\pool\visual studio\obj\x64\debug\framework_egc\gl.obj
e:\visual studio\pool\visual studio\obj\x64\debug\framework_egc\vc141.pdb
e:\visual studio\pool\x64\debug\framework_egc.exe
e:\visual studio\pool\x64\debug\framework_egc.ilk
e:\visual studio\pool\x64\debug\framework_egc.pdb
e:\visual studio\pool\visual studio\obj\x64\debug\framework_egc\framework_egc.res
e:\visual studio\pool\visual studio\..\x64\debug\framework_egc.exe
e:\visual studio\pool\visual studio\obj\x64\debug\framework_egc\framework_egc.tlog\cl.command.1.tlog
e:\visual studio\pool\visual studio\obj\x64\debug\framework_egc\framework_egc.tlog\cl.read.1.tlog
e:\visual studio\pool\visual studio\obj\x64\debug\framework_egc\framework_egc.tlog\cl.write.1.tlog
e:\visual studio\pool\visual studio\obj\x64\debug\framework_egc\framework_egc.tlog\link.command.1.tlog
e:\visual studio\pool\visual studio\obj\x64\debug\framework_egc\framework_egc.tlog\link.read.1.tlog
e:\visual studio\pool\visual studio\obj\x64\debug\framework_egc\framework_egc.tlog\link.write.1.tlog
e:\visual studio\pool\visual studio\obj\x64\debug\framework_egc\framework_egc.tlog\rc.command.1.tlog
e:\visual studio\pool\visual studio\obj\x64\debug\framework_egc\framework_egc.tlog\rc.read.1.tlog
e:\visual studio\pool\visual studio\obj\x64\debug\framework_egc\framework_egc.tlog\rc.write.1.tlog
